[2024-11-24T21:03:16.120888+07:00] log.DEBUG: CORS analysis for request started. [] []
[2024-11-24T21:03:16.123736+07:00] log.INFO: Request is not CORS (request origin is empty). [] []
[2024-11-24T21:03:16.124495+07:00] log.DEBUG: CORS analysis for request completed. [] []
[2024-11-24T21:03:16.619162+07:00] log.DEBUG: Checking for authenticator support. {"firewall_name":"main","authenticators":3} []
[2024-11-24T21:03:16.619243+07:00] log.DEBUG: Checking support on authenticator. {"firewall_name":"main","authenticator":"Symfony\\Component\\Security\\Http\\Authenticator\\LoginLinkAuthenticator"} []
[2024-11-24T21:03:16.619551+07:00] log.DEBUG: Authenticator does not support the request. {"firewall_name":"main","authenticator":"Symfony\\Component\\Security\\Http\\Authenticator\\LoginLinkAuthenticator"} []
[2024-11-24T21:03:16.619596+07:00] log.DEBUG: Checking support on authenticator. {"firewall_name":"main","authenticator":"Symfony\\Component\\Security\\Http\\Authenticator\\FormLoginAuthenticator"} []
[2024-11-24T21:03:16.619634+07:00] log.DEBUG: Authenticator does not support the request. {"firewall_name":"main","authenticator":"Symfony\\Component\\Security\\Http\\Authenticator\\FormLoginAuthenticator"} []
[2024-11-24T21:03:16.619657+07:00] log.DEBUG: Checking support on authenticator. {"firewall_name":"main","authenticator":"Symfony\\Component\\Security\\Http\\Authenticator\\RememberMeAuthenticator"} []
[2024-11-24T21:03:16.619684+07:00] log.DEBUG: Authenticator does not support the request. {"firewall_name":"main","authenticator":"Symfony\\Component\\Security\\Http\\Authenticator\\RememberMeAuthenticator"} []
[2024-11-24T21:03:16.765849+07:00] log.DEBUG: CORS analysis for request started. [] []
[2024-11-24T21:03:16.767129+07:00] log.INFO: Request is not CORS (request origin is empty). [] []
[2024-11-24T21:03:16.767389+07:00] log.DEBUG: CORS analysis for request completed. [] []
[2024-11-24T21:03:16.862592+07:00] log.DEBUG: Checking for authenticator support. {"firewall_name":"main","authenticators":3} []
[2024-11-24T21:03:16.862651+07:00] log.DEBUG: Checking support on authenticator. {"firewall_name":"main","authenticator":"Symfony\\Component\\Security\\Http\\Authenticator\\LoginLinkAuthenticator"} []
[2024-11-24T21:03:16.862682+07:00] log.DEBUG: Authenticator does not support the request. {"firewall_name":"main","authenticator":"Symfony\\Component\\Security\\Http\\Authenticator\\LoginLinkAuthenticator"} []
[2024-11-24T21:03:16.862704+07:00] log.DEBUG: Checking support on authenticator. {"firewall_name":"main","authenticator":"Symfony\\Component\\Security\\Http\\Authenticator\\FormLoginAuthenticator"} []
[2024-11-24T21:03:16.862731+07:00] log.DEBUG: Authenticator does not support the request. {"firewall_name":"main","authenticator":"Symfony\\Component\\Security\\Http\\Authenticator\\FormLoginAuthenticator"} []
[2024-11-24T21:03:16.862751+07:00] log.DEBUG: Checking support on authenticator. {"firewall_name":"main","authenticator":"Symfony\\Component\\Security\\Http\\Authenticator\\RememberMeAuthenticator"} []
[2024-11-24T21:03:16.862774+07:00] log.DEBUG: Authenticator does not support the request. {"firewall_name":"main","authenticator":"Symfony\\Component\\Security\\Http\\Authenticator\\RememberMeAuthenticator"} []
