[2024-11-25T05:15:40.525334+07:00] log.DEBUG: CORS analysis for request started. [] []
[2024-11-25T05:15:40.528715+07:00] log.INFO: Request is not CORS (request origin is empty). [] []
[2024-11-25T05:15:40.529943+07:00] log.DEBUG: CORS analysis for request completed. [] []
[2024-11-25T05:15:41.731374+07:00] log.DEBUG: Checking for authenticator support. {"firewall_name":"main","authenticators":3} []
[2024-11-25T05:15:41.731451+07:00] log.DEBUG: Checking support on authenticator. {"firewall_name":"main","authenticator":"Symfony\\Component\\Security\\Http\\Authenticator\\LoginLinkAuthenticator"} []
[2024-11-25T05:15:41.731672+07:00] log.DEBUG: Authenticator does not support the request. {"firewall_name":"main","authenticator":"Symfony\\Component\\Security\\Http\\Authenticator\\LoginLinkAuthenticator"} []
[2024-11-25T05:15:41.731708+07:00] log.DEBUG: Checking support on authenticator. {"firewall_name":"main","authenticator":"Symfony\\Component\\Security\\Http\\Authenticator\\FormLoginAuthenticator"} []
[2024-11-25T05:15:41.731737+07:00] log.DEBUG: Authenticator does not support the request. {"firewall_name":"main","authenticator":"Symfony\\Component\\Security\\Http\\Authenticator\\FormLoginAuthenticator"} []
[2024-11-25T05:15:41.731757+07:00] log.DEBUG: Checking support on authenticator. {"firewall_name":"main","authenticator":"Symfony\\Component\\Security\\Http\\Authenticator\\RememberMeAuthenticator"} []
[2024-11-25T05:15:41.731780+07:00] log.DEBUG: Authenticator does not support the request. {"firewall_name":"main","authenticator":"Symfony\\Component\\Security\\Http\\Authenticator\\RememberMeAuthenticator"} []
[2024-11-25T05:15:41.846947+07:00] log.DEBUG: CORS analysis for request started. [] []
[2024-11-25T05:15:41.848083+07:00] log.INFO: Request is not CORS (request origin is empty). [] []
[2024-11-25T05:15:41.848321+07:00] log.DEBUG: CORS analysis for request completed. [] []
[2024-11-25T05:15:41.934510+07:00] log.DEBUG: Checking for authenticator support. {"firewall_name":"main","authenticators":3} []
[2024-11-25T05:15:41.934567+07:00] log.DEBUG: Checking support on authenticator. {"firewall_name":"main","authenticator":"Symfony\\Component\\Security\\Http\\Authenticator\\LoginLinkAuthenticator"} []
[2024-11-25T05:15:41.934596+07:00] log.DEBUG: Authenticator does not support the request. {"firewall_name":"main","authenticator":"Symfony\\Component\\Security\\Http\\Authenticator\\LoginLinkAuthenticator"} []
[2024-11-25T05:15:41.934616+07:00] log.DEBUG: Checking support on authenticator. {"firewall_name":"main","authenticator":"Symfony\\Component\\Security\\Http\\Authenticator\\FormLoginAuthenticator"} []
[2024-11-25T05:15:41.934640+07:00] log.DEBUG: Authenticator does not support the request. {"firewall_name":"main","authenticator":"Symfony\\Component\\Security\\Http\\Authenticator\\FormLoginAuthenticator"} []
[2024-11-25T05:15:41.934659+07:00] log.DEBUG: Checking support on authenticator. {"firewall_name":"main","authenticator":"Symfony\\Component\\Security\\Http\\Authenticator\\RememberMeAuthenticator"} []
[2024-11-25T05:15:41.934680+07:00] log.DEBUG: Authenticator does not support the request. {"firewall_name":"main","authenticator":"Symfony\\Component\\Security\\Http\\Authenticator\\RememberMeAuthenticator"} []
