C:\xampp\htdocs\rsuncen25\.htaccess
C:\xampp\htdocs\rsuncen25\composer.json
C:\xampp\htdocs\rsuncen25\controllers\AnnouncementController.php
C:\xampp\htdocs\rsuncen25\controllers\ApiController.php
C:\xampp\htdocs\rsuncen25\controllers\AppointmentsController.php
C:\xampp\htdocs\rsuncen25\controllers\BreadcrumblinksaddspController.php
C:\xampp\htdocs\rsuncen25\controllers\BreadcrumblinkscheckspController.php
C:\xampp\htdocs\rsuncen25\controllers\BreadcrumblinksdeletespController.php
C:\xampp\htdocs\rsuncen25\controllers\BreadcrumblinksmovespController.php
C:\xampp\htdocs\rsuncen25\controllers\ControllerBase.php
C:\xampp\htdocs\rsuncen25\controllers\DoctorsController.php
C:\xampp\htdocs\rsuncen25\controllers\HelpCategoriesController.php
C:\xampp\htdocs\rsuncen25\controllers\HelpController.php
C:\xampp\htdocs\rsuncen25\controllers\HomeController.php
C:\xampp\htdocs\rsuncen25\controllers\HospitalizationController.php
C:\xampp\htdocs\rsuncen25\controllers\LanguagesController.php
C:\xampp\htdocs\rsuncen25\controllers\LoadaboutusController.php
C:\xampp\htdocs\rsuncen25\controllers\LoadhelponlineController.php
C:\xampp\htdocs\rsuncen25\controllers\LoadtermsconditionsController.php
C:\xampp\htdocs\rsuncen25\controllers\MedicalRecordsController.php
C:\xampp\htdocs\rsuncen25\controllers\OthersController.php
C:\xampp\htdocs\rsuncen25\controllers\PatientsController.php
C:\xampp\htdocs\rsuncen25\controllers\PharmacyController.php
C:\xampp\htdocs\rsuncen25\controllers\PrinttermsconditionsController.php
C:\xampp\htdocs\rsuncen25\controllers\RoomsController.php
C:\xampp\htdocs\rsuncen25\controllers\SettingsController.php
C:\xampp\htdocs\rsuncen25\controllers\TheuserprofileController.php
C:\xampp\htdocs\rsuncen25\controllers\TransactionsController.php
C:\xampp\htdocs\rsuncen25\controllers\UserlevelpermissionsController.php
C:\xampp\htdocs\rsuncen25\controllers\UserlevelsController.php
C:\xampp\htdocs\rsuncen25\controllers\UsersController.php
C:\xampp\htdocs\rsuncen25\css\ewpdf.scss
C:\xampp\htdocs\rsuncen25\css\jquery.overlayScrollbars.css
C:\xampp\htdocs\rsuncen25\css\query-builder.scss
C:\xampp\htdocs\rsuncen25\css\rsuncen2025.scss
C:\xampp\htdocs\rsuncen25\css\tabulator_bootstrap5.scss
C:\xampp\htdocs\rsuncen25\css\tempus-dominus.scss
C:\xampp\htdocs\rsuncen25\files\index.html
C:\xampp\htdocs\rsuncen25\index.php
C:\xampp\htdocs\rsuncen25\jquery\jquery.inputmask.js
C:\xampp\htdocs\rsuncen25\jquery\jquery.inputmask.min.js
C:\xampp\htdocs\rsuncen25\jquery\jquery.jtable.js
C:\xampp\htdocs\rsuncen25\jquery\jquery.jtable.min.js
C:\xampp\htdocs\rsuncen25\jquery\jquery.overlayScrollbars.js
C:\xampp\htdocs\rsuncen25\jquery\jquery.overlayScrollbars.min.js
C:\xampp\htdocs\rsuncen25\jquery\msjqueryinputmask.js
C:\xampp\htdocs\rsuncen25\js\eweditor.js
C:\xampp\htdocs\rsuncen25\js\ewfixedheadertable.js
C:\xampp\htdocs\rsuncen25\js\masinoew.js
C:\xampp\htdocs\rsuncen25\js\masinoewcore.js
C:\xampp\htdocs\rsuncen25\js\userevent.js
C:\xampp\htdocs\rsuncen25\js\userfn.js
C:\xampp\htdocs\rsuncen25\js\userprivmod.js
C:\xampp\htdocs\rsuncen25\js\userprivori.js
C:\xampp\htdocs\rsuncen25\log\index.html
C:\xampp\htdocs\rsuncen25\models\Announcement.php
C:\xampp\htdocs\rsuncen25\models\AnnouncementAdd.php
C:\xampp\htdocs\rsuncen25\models\AnnouncementDelete.php
C:\xampp\htdocs\rsuncen25\models\AnnouncementEdit.php
C:\xampp\htdocs\rsuncen25\models\AnnouncementList.php
C:\xampp\htdocs\rsuncen25\models\AnnouncementView.php
C:\xampp\htdocs\rsuncen25\models\Appointments.php
C:\xampp\htdocs\rsuncen25\models\AppointmentsAdd.php
C:\xampp\htdocs\rsuncen25\models\AppointmentsDelete.php
C:\xampp\htdocs\rsuncen25\models\AppointmentsEdit.php
C:\xampp\htdocs\rsuncen25\models\AppointmentsList.php
C:\xampp\htdocs\rsuncen25\models\AppointmentsView.php
C:\xampp\htdocs\rsuncen25\models\Breadcrumblinksaddsp.php
C:\xampp\htdocs\rsuncen25\models\Breadcrumblinkschecksp.php
C:\xampp\htdocs\rsuncen25\models\Breadcrumblinksdeletesp.php
C:\xampp\htdocs\rsuncen25\models\Breadcrumblinksmovesp.php
C:\xampp\htdocs\rsuncen25\models\Captcha.php
C:\xampp\htdocs\rsuncen25\models\ChangePassword.php
C:\xampp\htdocs\rsuncen25\models\Doctors.php
C:\xampp\htdocs\rsuncen25\models\DoctorsAdd.php
C:\xampp\htdocs\rsuncen25\models\DoctorsDelete.php
C:\xampp\htdocs\rsuncen25\models\DoctorsEdit.php
C:\xampp\htdocs\rsuncen25\models\DoctorsList.php
C:\xampp\htdocs\rsuncen25\models\DoctorsView.php
C:\xampp\htdocs\rsuncen25\models\Help.php
C:\xampp\htdocs\rsuncen25\models\HelpAdd.php
C:\xampp\htdocs\rsuncen25\models\HelpCategories.php
C:\xampp\htdocs\rsuncen25\models\HelpCategoriesAdd.php
C:\xampp\htdocs\rsuncen25\models\HelpCategoriesDelete.php
C:\xampp\htdocs\rsuncen25\models\HelpCategoriesEdit.php
C:\xampp\htdocs\rsuncen25\models\HelpCategoriesList.php
C:\xampp\htdocs\rsuncen25\models\HelpCategoriesView.php
C:\xampp\htdocs\rsuncen25\models\HelpDelete.php
C:\xampp\htdocs\rsuncen25\models\HelpEdit.php
C:\xampp\htdocs\rsuncen25\models\HelpGrid.php
C:\xampp\htdocs\rsuncen25\models\HelpList.php
C:\xampp\htdocs\rsuncen25\models\HelpPreview.php
C:\xampp\htdocs\rsuncen25\models\HelpView.php
C:\xampp\htdocs\rsuncen25\models\Home.php
C:\xampp\htdocs\rsuncen25\models\Hospitalization.php
C:\xampp\htdocs\rsuncen25\models\HospitalizationAdd.php
C:\xampp\htdocs\rsuncen25\models\HospitalizationDelete.php
C:\xampp\htdocs\rsuncen25\models\HospitalizationEdit.php
C:\xampp\htdocs\rsuncen25\models\HospitalizationList.php
C:\xampp\htdocs\rsuncen25\models\HospitalizationView.php
C:\xampp\htdocs\rsuncen25\models\Languages.php
C:\xampp\htdocs\rsuncen25\models\LanguagesAdd.php
C:\xampp\htdocs\rsuncen25\models\LanguagesDelete.php
C:\xampp\htdocs\rsuncen25\models\LanguagesEdit.php
C:\xampp\htdocs\rsuncen25\models\LanguagesList.php
C:\xampp\htdocs\rsuncen25\models\LanguagesView.php
C:\xampp\htdocs\rsuncen25\models\Loadaboutus.php
C:\xampp\htdocs\rsuncen25\models\Loadhelponline.php
C:\xampp\htdocs\rsuncen25\models\Loadtermsconditions.php
C:\xampp\htdocs\rsuncen25\models\Login.php
C:\xampp\htdocs\rsuncen25\models\MedicalRecords.php
C:\xampp\htdocs\rsuncen25\models\MedicalRecordsAdd.php
C:\xampp\htdocs\rsuncen25\models\MedicalRecordsDelete.php
C:\xampp\htdocs\rsuncen25\models\MedicalRecordsEdit.php
C:\xampp\htdocs\rsuncen25\models\MedicalRecordsList.php
C:\xampp\htdocs\rsuncen25\models\MedicalRecordsView.php
C:\xampp\htdocs\rsuncen25\models\Patients.php
C:\xampp\htdocs\rsuncen25\models\PatientsAdd.php
C:\xampp\htdocs\rsuncen25\models\PatientsDelete.php
C:\xampp\htdocs\rsuncen25\models\PatientsEdit.php
C:\xampp\htdocs\rsuncen25\models\PatientsList.php
C:\xampp\htdocs\rsuncen25\models\PatientsView.php
C:\xampp\htdocs\rsuncen25\models\PersonalData.php
C:\xampp\htdocs\rsuncen25\models\Pharmacy.php
C:\xampp\htdocs\rsuncen25\models\PharmacyAdd.php
C:\xampp\htdocs\rsuncen25\models\PharmacyDelete.php
C:\xampp\htdocs\rsuncen25\models\PharmacyEdit.php
C:\xampp\htdocs\rsuncen25\models\PharmacyList.php
C:\xampp\htdocs\rsuncen25\models\PharmacyView.php
C:\xampp\htdocs\rsuncen25\models\Printtermsconditions.php
C:\xampp\htdocs\rsuncen25\models\ResetPassword.php
C:\xampp\htdocs\rsuncen25\models\Rooms.php
C:\xampp\htdocs\rsuncen25\models\RoomsAdd.php
C:\xampp\htdocs\rsuncen25\models\RoomsDelete.php
C:\xampp\htdocs\rsuncen25\models\RoomsEdit.php
C:\xampp\htdocs\rsuncen25\models\RoomsList.php
C:\xampp\htdocs\rsuncen25\models\RoomsView.php
C:\xampp\htdocs\rsuncen25\models\Settings.php
C:\xampp\htdocs\rsuncen25\models\SettingsAdd.php
C:\xampp\htdocs\rsuncen25\models\SettingsDelete.php
C:\xampp\htdocs\rsuncen25\models\SettingsEdit.php
C:\xampp\htdocs\rsuncen25\models\SettingsList.php
C:\xampp\htdocs\rsuncen25\models\SettingsView.php
C:\xampp\htdocs\rsuncen25\models\Theuserprofile.php
C:\xampp\htdocs\rsuncen25\models\TheuserprofileAdd.php
C:\xampp\htdocs\rsuncen25\models\TheuserprofileDelete.php
C:\xampp\htdocs\rsuncen25\models\TheuserprofileEdit.php
C:\xampp\htdocs\rsuncen25\models\TheuserprofileList.php
C:\xampp\htdocs\rsuncen25\models\TheuserprofileSearch.php
C:\xampp\htdocs\rsuncen25\models\TheuserprofileView.php
C:\xampp\htdocs\rsuncen25\models\Transactions.php
C:\xampp\htdocs\rsuncen25\models\TransactionsAdd.php
C:\xampp\htdocs\rsuncen25\models\TransactionsDelete.php
C:\xampp\htdocs\rsuncen25\models\TransactionsEdit.php
C:\xampp\htdocs\rsuncen25\models\TransactionsList.php
C:\xampp\htdocs\rsuncen25\models\TransactionsView.php
C:\xampp\htdocs\rsuncen25\models\Userlevelpermissions.php
C:\xampp\htdocs\rsuncen25\models\UserlevelpermissionsAdd.php
C:\xampp\htdocs\rsuncen25\models\UserlevelpermissionsDelete.php
C:\xampp\htdocs\rsuncen25\models\UserlevelpermissionsEdit.php
C:\xampp\htdocs\rsuncen25\models\UserlevelpermissionsList.php
C:\xampp\htdocs\rsuncen25\models\UserlevelpermissionsView.php
C:\xampp\htdocs\rsuncen25\models\Userlevels.php
C:\xampp\htdocs\rsuncen25\models\UserlevelsAdd.php
C:\xampp\htdocs\rsuncen25\models\UserlevelsDelete.php
C:\xampp\htdocs\rsuncen25\models\UserlevelsEdit.php
C:\xampp\htdocs\rsuncen25\models\UserlevelsList.php
C:\xampp\htdocs\rsuncen25\models\UserlevelsView.php
C:\xampp\htdocs\rsuncen25\models\Userpriv.php
C:\xampp\htdocs\rsuncen25\models\Users.php
C:\xampp\htdocs\rsuncen25\models\UsersAdd.php
C:\xampp\htdocs\rsuncen25\models\UsersDelete.php
C:\xampp\htdocs\rsuncen25\models\UsersEdit.php
C:\xampp\htdocs\rsuncen25\models\UsersGrid.php
C:\xampp\htdocs\rsuncen25\models\UsersList.php
C:\xampp\htdocs\rsuncen25\models\UsersPreview.php
C:\xampp\htdocs\rsuncen25\models\UsersSearch.php
C:\xampp\htdocs\rsuncen25\models\UsersView.php
C:\xampp\htdocs\rsuncen25\package.json
C:\xampp\htdocs\rsuncen25\src\AbstractController.php
C:\xampp\htdocs\rsuncen25\src\AbstractEntity.php
C:\xampp\htdocs\rsuncen25\src\AbstractExport.php
C:\xampp\htdocs\rsuncen25\src\AbstractExportBase.php
C:\xampp\htdocs\rsuncen25\src\AbstractTwoFactorAuthentication.php
C:\xampp\htdocs\rsuncen25\src\AccessTokenExtractor.php
C:\xampp\htdocs\rsuncen25\src\AccessTokenHandler.php
C:\xampp\htdocs\rsuncen25\src\AccessTokenUser.php
C:\xampp\htdocs\rsuncen25\src\AccessTokenUserProvider.php
C:\xampp\htdocs\rsuncen25\src\ActionType.php
C:\xampp\htdocs\rsuncen25\src\AdvancedFilter.php
C:\xampp\htdocs\rsuncen25\src\AdvancedSearch.php
C:\xampp\htdocs\rsuncen25\src\AdvancedSecurity.php
C:\xampp\htdocs\rsuncen25\src\AdvancedUserInterface.php
C:\xampp\htdocs\rsuncen25\src\Allow.php
C:\xampp\htdocs\rsuncen25\src\ApiActionEvent.php
C:\xampp\htdocs\rsuncen25\src\ApiPermissionMiddleware.php
C:\xampp\htdocs\rsuncen25\src\AttributeRouteControllerLoader.php
C:\xampp\htdocs\rsuncen25\src\Attributes.php
C:\xampp\htdocs\rsuncen25\src\AuditTrailHandler.php
C:\xampp\htdocs\rsuncen25\src\AuthenticationEntryPoint.php
C:\xampp\htdocs\rsuncen25\src\AuthenticationEventSubscriber.php
C:\xampp\htdocs\rsuncen25\src\AuthenticationFailureHandler.php
C:\xampp\htdocs\rsuncen25\src\AuthenticationMiddleware.php
C:\xampp\htdocs\rsuncen25\src\AuthenticationSuccessHandler.php
C:\xampp\htdocs\rsuncen25\src\BasicSearch.php
C:\xampp\htdocs\rsuncen25\src\Breadcrumb.php
C:\xampp\htdocs\rsuncen25\src\BytesType.php
C:\xampp\htdocs\rsuncen25\src\CaptchaBase.php
C:\xampp\htdocs\rsuncen25\src\CaptchaInterface.php
C:\xampp\htdocs\rsuncen25\src\ChartExporter.php
C:\xampp\htdocs\rsuncen25\src\ChartJsRenderer.php
C:\xampp\htdocs\rsuncen25\src\ChartRendererInterface.php
C:\xampp\htdocs\rsuncen25\src\ChartTypes.php
C:\xampp\htdocs\rsuncen25\src\Cognito.php
C:\xampp\htdocs\rsuncen25\src\ConfigurationEvent.php
C:\xampp\htdocs\rsuncen25\src\ConnectionFactory.php
C:\xampp\htdocs\rsuncen25\src\ContainerBuildEvent.php
C:\xampp\htdocs\rsuncen25\src\ContainerBuiltEvent.php
C:\xampp\htdocs\rsuncen25\src\CrosstabColumn.php
C:\xampp\htdocs\rsuncen25\src\CrosstabTable.php
C:\xampp\htdocs\rsuncen25\src\CspMiddleware.php
C:\xampp\htdocs\rsuncen25\src\CsrfMiddleware.php
C:\xampp\htdocs\rsuncen25\src\CustomUploadHandler.php
C:\xampp\htdocs\rsuncen25\src\DataType.php
C:\xampp\htdocs\rsuncen25\src\DatabaseConnectedEvent.php
C:\xampp\htdocs\rsuncen25\src\DatabaseConnectingEvent.php
C:\xampp\htdocs\rsuncen25\src\DbChart.php
C:\xampp\htdocs\rsuncen25\src\DbField.php
C:\xampp\htdocs\rsuncen25\src\DbFields.php
C:\xampp\htdocs\rsuncen25\src\DbTable.php
C:\xampp\htdocs\rsuncen25\src\DbTableBase.php
C:\xampp\htdocs\rsuncen25\src\DebugStack.php
C:\xampp\htdocs\rsuncen25\src\DoctrineCollector.php
C:\xampp\htdocs\rsuncen25\src\Email.php
C:\xampp\htdocs\rsuncen25\src\EmailTwoFactorAuthentication.php
C:\xampp\htdocs\rsuncen25\src\EntityDescriptor.php
C:\xampp\htdocs\rsuncen25\src\EntityManagerFactory.php
C:\xampp\htdocs\rsuncen25\src\EntityUserProvider.php
C:\xampp\htdocs\rsuncen25\src\Entity\Announcement.php
C:\xampp\htdocs\rsuncen25\src\Entity\Appointment.php
C:\xampp\htdocs\rsuncen25\src\Entity\Doctor.php
C:\xampp\htdocs\rsuncen25\src\Entity\Help.php
C:\xampp\htdocs\rsuncen25\src\Entity\HelpCategory.php
C:\xampp\htdocs\rsuncen25\src\Entity\Hospitalization.php
C:\xampp\htdocs\rsuncen25\src\Entity\Language.php
C:\xampp\htdocs\rsuncen25\src\Entity\MedicalRecord.php
C:\xampp\htdocs\rsuncen25\src\Entity\Patient.php
C:\xampp\htdocs\rsuncen25\src\Entity\Pharmacy.php
C:\xampp\htdocs\rsuncen25\src\Entity\Room.php
C:\xampp\htdocs\rsuncen25\src\Entity\Setting.php
C:\xampp\htdocs\rsuncen25\src\Entity\Theuserprofile.php
C:\xampp\htdocs\rsuncen25\src\Entity\Transaction.php
C:\xampp\htdocs\rsuncen25\src\Entity\User.php
C:\xampp\htdocs\rsuncen25\src\Entity\Userlevel.php
C:\xampp\htdocs\rsuncen25\src\Entity\Userlevelpermission.php
C:\xampp\htdocs\rsuncen25\src\ExportCsv.php
C:\xampp\htdocs\rsuncen25\src\ExportEmail.php
C:\xampp\htdocs\rsuncen25\src\ExportExcel.php
C:\xampp\htdocs\rsuncen25\src\ExportHandler.php
C:\xampp\htdocs\rsuncen25\src\ExportHtml.php
C:\xampp\htdocs\rsuncen25\src\ExportJson.php
C:\xampp\htdocs\rsuncen25\src\ExportPdf.php
C:\xampp\htdocs\rsuncen25\src\ExportPdfMasino.php
C:\xampp\htdocs\rsuncen25\src\ExportPrint.php
C:\xampp\htdocs\rsuncen25\src\ExportWord.php
C:\xampp\htdocs\rsuncen25\src\ExportXml.php
C:\xampp\htdocs\rsuncen25\src\FileUploadHandler.php
C:\xampp\htdocs\rsuncen25\src\FileViewer.php
C:\xampp\htdocs\rsuncen25\src\FirewallRequestMatcher.php
C:\xampp\htdocs\rsuncen25\src\ForceLogoutUserAction.php
C:\xampp\htdocs\rsuncen25\src\FormLogin1faAuthenticator.php
C:\xampp\htdocs\rsuncen25\src\FormLogin2faAuthenticator.php
C:\xampp\htdocs\rsuncen25\src\FormTrait.php
C:\xampp\htdocs\rsuncen25\src\GeographyType.php
C:\xampp\htdocs\rsuncen25\src\GeometryType.php
C:\xampp\htdocs\rsuncen25\src\HierarchyIdType.php
C:\xampp\htdocs\rsuncen25\src\HttpErrorHandler.php
C:\xampp\htdocs\rsuncen25\src\HttpFoundationFactory.php
C:\xampp\htdocs\rsuncen25\src\HttpKernel.php
C:\xampp\htdocs\rsuncen25\src\HttpServiceUnavailableException.php
C:\xampp\htdocs\rsuncen25\src\HttpUpload.php
C:\xampp\htdocs\rsuncen25\src\HybridauthSessionStorage.php
C:\xampp\htdocs\rsuncen25\src\JavascriptRenderer.php
C:\xampp\htdocs\rsuncen25\src\JwtMiddleware.php
C:\xampp\htdocs\rsuncen25\src\Language.php
C:\xampp\htdocs\rsuncen25\src\LanguageLoadEvent.php
C:\xampp\htdocs\rsuncen25\src\LegacyPasswordHasher.php
C:\xampp\htdocs\rsuncen25\src\ListAction.php
C:\xampp\htdocs\rsuncen25\src\ListActions.php
C:\xampp\htdocs\rsuncen25\src\ListOption.php
C:\xampp\htdocs\rsuncen25\src\ListOptions.php
C:\xampp\htdocs\rsuncen25\src\ListOptionsCollection.php
C:\xampp\htdocs\rsuncen25\src\LoginRateLimiter.php
C:\xampp\htdocs\rsuncen25\src\LoginStatusEvent.php
C:\xampp\htdocs\rsuncen25\src\LogoutSubscriber.php
C:\xampp\htdocs\rsuncen25\src\Lookup.php
C:\xampp\htdocs\rsuncen25\src\MaintenanceMiddleware.php
C:\xampp\htdocs\rsuncen25\src\Menu.php
C:\xampp\htdocs\rsuncen25\src\MenuItem.php
C:\xampp\htdocs\rsuncen25\src\MenuItemAddingEvent.php
C:\xampp\htdocs\rsuncen25\src\MenuRenderedEvent.php
C:\xampp\htdocs\rsuncen25\src\MenuRenderingEvent.php
C:\xampp\htdocs\rsuncen25\src\MessagesTrait.php
C:\xampp\htdocs\rsuncen25\src\MicrosoftEntraID.php
C:\xampp\htdocs\rsuncen25\src\NumericPager.php
C:\xampp\htdocs\rsuncen25\src\OptionValues.php
C:\xampp\htdocs\rsuncen25\src\PHPMailerTransport.php
C:\xampp\htdocs\rsuncen25\src\PageLoadingEvent.php
C:\xampp\htdocs\rsuncen25\src\PageRenderingEvent.php
C:\xampp\htdocs\rsuncen25\src\PageUnloadedEvent.php
C:\xampp\htdocs\rsuncen25\src\Pager.php
C:\xampp\htdocs\rsuncen25\src\PagerItem.php
C:\xampp\htdocs\rsuncen25\src\PasswordHash.php
C:\xampp\htdocs\rsuncen25\src\PermissionMiddleware.php
C:\xampp\htdocs\rsuncen25\src\PhpCaptcha.php
C:\xampp\htdocs\rsuncen25\src\PhpDebugBar.php
C:\xampp\htdocs\rsuncen25\src\PhpDebugBarMiddleware.php
C:\xampp\htdocs\rsuncen25\src\PhpEncryption.php
C:\xampp\htdocs\rsuncen25\src\PhpHttpDriver.php
C:\xampp\htdocs\rsuncen25\src\PhpMailerTransportFactory.php
C:\xampp\htdocs\rsuncen25\src\PragmaRxTwoFactorAuthentication.php
C:\xampp\htdocs\rsuncen25\src\PrevNextPager.php
C:\xampp\htdocs\rsuncen25\src\ProfileStorage.php
C:\xampp\htdocs\rsuncen25\src\PushNotification.php
C:\xampp\htdocs\rsuncen25\src\ReportField.php
C:\xampp\htdocs\rsuncen25\src\ReportTable.php
C:\xampp\htdocs\rsuncen25\src\RequestDataCollector.php
C:\xampp\htdocs\rsuncen25\src\RequestResponseStrategy.php
C:\xampp\htdocs\rsuncen25\src\ResendRegisterEmailAction.php
C:\xampp\htdocs\rsuncen25\src\ResetConcurrentUserAction.php
C:\xampp\htdocs\rsuncen25\src\ResetLoginRetryAction.php
C:\xampp\htdocs\rsuncen25\src\ResetUserSecretAction.php
C:\xampp\htdocs\rsuncen25\src\RouteActionEvent.php
C:\xampp\htdocs\rsuncen25\src\RouteAttributes.php
C:\xampp\htdocs\rsuncen25\src\RowSummary.php
C:\xampp\htdocs\rsuncen25\src\RowTotal.php
C:\xampp\htdocs\rsuncen25\src\RowType.php
C:\xampp\htdocs\rsuncen25\src\Saml2.php
C:\xampp\htdocs\rsuncen25\src\SecurityContainerCompiledEvent.php
C:\xampp\htdocs\rsuncen25\src\SecurityContainerCompilingEvent.php
C:\xampp\htdocs\rsuncen25\src\SecurityContainerFactory.php
C:\xampp\htdocs\rsuncen25\src\SecurityServiceLocator.php
C:\xampp\htdocs\rsuncen25\src\SendLoginLinkAction.php
C:\xampp\htdocs\rsuncen25\src\SendOneTimePasswordInterface.php
C:\xampp\htdocs\rsuncen25\src\ServicesConfigurationEvent.php
C:\xampp\htdocs\rsuncen25\src\SessionHandler.php
C:\xampp\htdocs\rsuncen25\src\SessionMiddleware.php
C:\xampp\htdocs\rsuncen25\src\SetPasswordExpiredAction.php
C:\xampp\htdocs\rsuncen25\src\SmsTwoFactorAuthentication.php
C:\xampp\htdocs\rsuncen25\src\SsoStateSessionStore.php
C:\xampp\htdocs\rsuncen25\src\SubPage.php
C:\xampp\htdocs\rsuncen25\src\SubPages.php
C:\xampp\htdocs\rsuncen25\src\SummaryField.php
C:\xampp\htdocs\rsuncen25\src\SwitchUserAction.php
C:\xampp\htdocs\rsuncen25\src\SwitchUserVoter.php
C:\xampp\htdocs\rsuncen25\src\SymfonyMailCollector.php
C:\xampp\htdocs\rsuncen25\src\TwoFactorAuthenticatedToken.php
C:\xampp\htdocs\rsuncen25\src\TwoFactorAuthenticatingToken.php
C:\xampp\htdocs\rsuncen25\src\TwoFactorAuthenticationInterface.php
C:\xampp\htdocs\rsuncen25\src\UploadHandler.php
C:\xampp\htdocs\rsuncen25\src\UrlGenerator.php
C:\xampp\htdocs\rsuncen25\src\UserActivatedException.php
C:\xampp\htdocs\rsuncen25\src\UserChecker.php
C:\xampp\htdocs\rsuncen25\src\UserProfile.php
C:\xampp\htdocs\rsuncen25\src\UserRepository.php
C:\xampp\htdocs\rsuncen25\src\WindowsUser.php
C:\xampp\htdocs\rsuncen25\src\WindowsUserProvider.php
C:\xampp\htdocs\rsuncen25\src\XmlDocument.php
C:\xampp\htdocs\rsuncen25\src\apiroutes.php
C:\xampp\htdocs\rsuncen25\src\config.development.php
C:\xampp\htdocs\rsuncen25\src\config.php
C:\xampp\htdocs\rsuncen25\src\config.production.php
C:\xampp\htdocs\rsuncen25\src\config.security.php
C:\xampp\htdocs\rsuncen25\src\constants.php
C:\xampp\htdocs\rsuncen25\src\definitions.php
C:\xampp\htdocs\rsuncen25\src\lock.php
C:\xampp\htdocs\rsuncen25\src\phpfn.php
C:\xampp\htdocs\rsuncen25\src\routes.php
C:\xampp\htdocs\rsuncen25\src\security.php
C:\xampp\htdocs\rsuncen25\src\services.php
C:\xampp\htdocs\rsuncen25\src\userfn.php
C:\xampp\htdocs\rsuncen25\src\userlevelsettings.php
C:\xampp\htdocs\rsuncen25\views\AnnouncementAdd.php
C:\xampp\htdocs\rsuncen25\views\AnnouncementDelete.php
C:\xampp\htdocs\rsuncen25\views\AnnouncementEdit.php
C:\xampp\htdocs\rsuncen25\views\AnnouncementList.php
C:\xampp\htdocs\rsuncen25\views\AnnouncementView.php
C:\xampp\htdocs\rsuncen25\views\AppointmentsAdd.php
C:\xampp\htdocs\rsuncen25\views\AppointmentsDelete.php
C:\xampp\htdocs\rsuncen25\views\AppointmentsEdit.php
C:\xampp\htdocs\rsuncen25\views\AppointmentsList.php
C:\xampp\htdocs\rsuncen25\views\AppointmentsView.php
C:\xampp\htdocs\rsuncen25\views\Breadcrumblinksaddsp.php
C:\xampp\htdocs\rsuncen25\views\Breadcrumblinkschecksp.php
C:\xampp\htdocs\rsuncen25\views\Breadcrumblinksdeletesp.php
C:\xampp\htdocs\rsuncen25\views\Breadcrumblinksmovesp.php
C:\xampp\htdocs\rsuncen25\views\ChangePassword.php
C:\xampp\htdocs\rsuncen25\views\DoctorsAdd.php
C:\xampp\htdocs\rsuncen25\views\DoctorsDelete.php
C:\xampp\htdocs\rsuncen25\views\DoctorsEdit.php
C:\xampp\htdocs\rsuncen25\views\DoctorsList.php
C:\xampp\htdocs\rsuncen25\views\DoctorsView.php
C:\xampp\htdocs\rsuncen25\views\Error.php
C:\xampp\htdocs\rsuncen25\views\HelpAdd.php
C:\xampp\htdocs\rsuncen25\views\HelpCategoriesAdd.php
C:\xampp\htdocs\rsuncen25\views\HelpCategoriesDelete.php
C:\xampp\htdocs\rsuncen25\views\HelpCategoriesEdit.php
C:\xampp\htdocs\rsuncen25\views\HelpCategoriesList.php
C:\xampp\htdocs\rsuncen25\views\HelpCategoriesMaster.php
C:\xampp\htdocs\rsuncen25\views\HelpCategoriesView.php
C:\xampp\htdocs\rsuncen25\views\HelpDelete.php
C:\xampp\htdocs\rsuncen25\views\HelpEdit.php
C:\xampp\htdocs\rsuncen25\views\HelpGrid.php
C:\xampp\htdocs\rsuncen25\views\HelpList.php
C:\xampp\htdocs\rsuncen25\views\HelpPreview.php
C:\xampp\htdocs\rsuncen25\views\HelpView.php
C:\xampp\htdocs\rsuncen25\views\Home.php
C:\xampp\htdocs\rsuncen25\views\HospitalizationAdd.php
C:\xampp\htdocs\rsuncen25\views\HospitalizationDelete.php
C:\xampp\htdocs\rsuncen25\views\HospitalizationEdit.php
C:\xampp\htdocs\rsuncen25\views\HospitalizationList.php
C:\xampp\htdocs\rsuncen25\views\HospitalizationView.php
C:\xampp\htdocs\rsuncen25\views\LanguagesAdd.php
C:\xampp\htdocs\rsuncen25\views\LanguagesDelete.php
C:\xampp\htdocs\rsuncen25\views\LanguagesEdit.php
C:\xampp\htdocs\rsuncen25\views\LanguagesList.php
C:\xampp\htdocs\rsuncen25\views\LanguagesView.php
C:\xampp\htdocs\rsuncen25\views\Loadaboutus.php
C:\xampp\htdocs\rsuncen25\views\Loadhelponline.php
C:\xampp\htdocs\rsuncen25\views\Loadtermsconditions.php
C:\xampp\htdocs\rsuncen25\views\Login.php
C:\xampp\htdocs\rsuncen25\views\MedicalRecordsAdd.php
C:\xampp\htdocs\rsuncen25\views\MedicalRecordsDelete.php
C:\xampp\htdocs\rsuncen25\views\MedicalRecordsEdit.php
C:\xampp\htdocs\rsuncen25\views\MedicalRecordsList.php
C:\xampp\htdocs\rsuncen25\views\MedicalRecordsView.php
C:\xampp\htdocs\rsuncen25\views\PatientsAdd.php
C:\xampp\htdocs\rsuncen25\views\PatientsDelete.php
C:\xampp\htdocs\rsuncen25\views\PatientsEdit.php
C:\xampp\htdocs\rsuncen25\views\PatientsList.php
C:\xampp\htdocs\rsuncen25\views\PatientsView.php
C:\xampp\htdocs\rsuncen25\views\PersonalData.php
C:\xampp\htdocs\rsuncen25\views\PharmacyAdd.php
C:\xampp\htdocs\rsuncen25\views\PharmacyDelete.php
C:\xampp\htdocs\rsuncen25\views\PharmacyEdit.php
C:\xampp\htdocs\rsuncen25\views\PharmacyList.php
C:\xampp\htdocs\rsuncen25\views\PharmacyView.php
C:\xampp\htdocs\rsuncen25\views\Printtermsconditions.php
C:\xampp\htdocs\rsuncen25\views\ResetPassword.php
C:\xampp\htdocs\rsuncen25\views\RoomsAdd.php
C:\xampp\htdocs\rsuncen25\views\RoomsDelete.php
C:\xampp\htdocs\rsuncen25\views\RoomsEdit.php
C:\xampp\htdocs\rsuncen25\views\RoomsList.php
C:\xampp\htdocs\rsuncen25\views\RoomsView.php
C:\xampp\htdocs\rsuncen25\views\SettingsAdd.php
C:\xampp\htdocs\rsuncen25\views\SettingsDelete.php
C:\xampp\htdocs\rsuncen25\views\SettingsEdit.php
C:\xampp\htdocs\rsuncen25\views\SettingsList.php
C:\xampp\htdocs\rsuncen25\views\SettingsView.php
C:\xampp\htdocs\rsuncen25\views\TheuserprofileAdd.php
C:\xampp\htdocs\rsuncen25\views\TheuserprofileDelete.php
C:\xampp\htdocs\rsuncen25\views\TheuserprofileEdit.php
C:\xampp\htdocs\rsuncen25\views\TheuserprofileList.php
C:\xampp\htdocs\rsuncen25\views\TheuserprofileSearch.php
C:\xampp\htdocs\rsuncen25\views\TheuserprofileView.php
C:\xampp\htdocs\rsuncen25\views\TransactionsAdd.php
C:\xampp\htdocs\rsuncen25\views\TransactionsDelete.php
C:\xampp\htdocs\rsuncen25\views\TransactionsEdit.php
C:\xampp\htdocs\rsuncen25\views\TransactionsList.php
C:\xampp\htdocs\rsuncen25\views\TransactionsView.php
C:\xampp\htdocs\rsuncen25\views\UserlevelpermissionsAdd.php
C:\xampp\htdocs\rsuncen25\views\UserlevelpermissionsDelete.php
C:\xampp\htdocs\rsuncen25\views\UserlevelpermissionsEdit.php
C:\xampp\htdocs\rsuncen25\views\UserlevelpermissionsList.php
C:\xampp\htdocs\rsuncen25\views\UserlevelpermissionsView.php
C:\xampp\htdocs\rsuncen25\views\UserlevelsAdd.php
C:\xampp\htdocs\rsuncen25\views\UserlevelsDelete.php
C:\xampp\htdocs\rsuncen25\views\UserlevelsEdit.php
C:\xampp\htdocs\rsuncen25\views\UserlevelsList.php
C:\xampp\htdocs\rsuncen25\views\UserlevelsMaster.php
C:\xampp\htdocs\rsuncen25\views\UserlevelsView.php
C:\xampp\htdocs\rsuncen25\views\Userpriv.php
C:\xampp\htdocs\rsuncen25\views\UsersAdd.php
C:\xampp\htdocs\rsuncen25\views\UsersDelete.php
C:\xampp\htdocs\rsuncen25\views\UsersEdit.php
C:\xampp\htdocs\rsuncen25\views\UsersGrid.php
C:\xampp\htdocs\rsuncen25\views\UsersList.php
C:\xampp\htdocs\rsuncen25\views\UsersPreview.php
C:\xampp\htdocs\rsuncen25\views\UsersSearch.php
C:\xampp\htdocs\rsuncen25\views\UsersView.php
C:\xampp\htdocs\rsuncen25\views\email.php
C:\xampp\htdocs\rsuncen25\views\layout.php
C:\xampp\htdocs\rsuncen25\views\menu.php
C:\xampp\htdocs\rsuncen25\views\swagger.php
C:\xampp\htdocs\rsuncen25\web.config